{
  "stats": {
    "suites": 1,
    "tests": 4,
    "passes": 4,
    "pending": 0,
    "failures": 0,
    "start": "2022-08-27T16:16:36.042Z",
    "end": "2022-08-27T16:16:54.511Z",
    "duration": 18469,
    "testsRegistered": 4,
    "passPercent": 100,
    "pendingPercent": 0,
    "other": 0,
    "hasOther": false,
    "skipped": 0,
    "hasSkipped": false
  },
  "results": [
    {
      "uuid": "f37d96c8-c1c8-4ee2-870b-892b8028e1f9",
      "title": "",
      "fullFile": "cypress/integration/Login Page.js",
      "file": "cypress/integration/Login Page.js",
      "beforeHooks": [],
      "afterHooks": [],
      "tests": [],
      "suites": [
        {
          "uuid": "6ab8acac-892e-412c-a708-66b191885566",
          "title": "Planning Login Screen",
          "fullFile": "",
          "file": "",
          "beforeHooks": [],
          "afterHooks": [],
          "tests": [
            {
              "title": "Valid username and valid password",
              "fullTitle": "Planning Login Screen Valid username and valid password",
              "timedOut": null,
              "duration": 9383,
              "state": "passed",
              "speed": "medium",
              "pass": true,
              "fail": false,
              "pending": false,
              "context": null,
              "code": "cy.get('#username').type(credentials.username);\ncy.get('#password').type(credentials.password);\ncy.get('.MuiButton-root').click();\ncy.get('.MuiToolbar-root > .MuiTypography-root').should('contain', 'Dashboard').and('be.visible'); // verifying that the first page is the dashboard",
              "err": {},
              "uuid": "6ef621fa-1ce9-4ed3-9d47-475e4bf406c0",
              "parentUUID": "6ab8acac-892e-412c-a708-66b191885566",
              "isHook": false,
              "skipped": false
            },
            {
              "title": "Invalid username and invalid password",
              "fullTitle": "Planning Login Screen Invalid username and invalid password",
              "timedOut": null,
              "duration": 3240,
              "state": "passed",
              "speed": "fast",
              "pass": true,
              "fail": false,
              "pending": false,
              "context": null,
              "code": "cy.get('#username').type(credentials.inUsername);\ncy.get('#password').type(credentials.inPassword);\ncy.get('.MuiButton-root').click();\ncy.get('[style=\"color: red; text-align: center;\"]').should('have.text', 'User ' + credentials.inUsername + ' not found');",
              "err": {},
              "uuid": "728e94ab-3943-4881-ba28-0325ab9e1969",
              "parentUUID": "6ab8acac-892e-412c-a708-66b191885566",
              "isHook": false,
              "skipped": false
            },
            {
              "title": "Invalid username and valid password",
              "fullTitle": "Planning Login Screen Invalid username and valid password",
              "timedOut": null,
              "duration": 3043,
              "state": "passed",
              "speed": "fast",
              "pass": true,
              "fail": false,
              "pending": false,
              "context": null,
              "code": "cy.get('#username').type(credentials.inUsername);\ncy.get('#password').type(credentials.password);\ncy.get('.MuiButton-root').click();\ncy.get('[style=\"color: red; text-align: center;\"]').should('have.text', 'User ' + credentials.inUsername + ' not found');",
              "err": {},
              "uuid": "c4885027-09a8-40fc-8eeb-93160f7b0df0",
              "parentUUID": "6ab8acac-892e-412c-a708-66b191885566",
              "isHook": false,
              "skipped": false
            },
            {
              "title": "Valid username and invalid password",
              "fullTitle": "Planning Login Screen Valid username and invalid password",
              "timedOut": null,
              "duration": 2730,
              "state": "passed",
              "speed": "fast",
              "pass": true,
              "fail": false,
              "pending": false,
              "context": null,
              "code": "cy.get('#username').type(credentials.username);\ncy.get('#password').type(credentials.inPassword);\ncy.get('.MuiButton-root').click();\ncy.get('[style=\"color: red; text-align: center;\"]').should('have.text', 'Your password not matching');",
              "err": {},
              "uuid": "bf6199d3-b546-4852-b225-aa0c492be37a",
              "parentUUID": "6ab8acac-892e-412c-a708-66b191885566",
              "isHook": false,
              "skipped": false
            }
          ],
          "suites": [],
          "passes": [
            "6ef621fa-1ce9-4ed3-9d47-475e4bf406c0",
            "728e94ab-3943-4881-ba28-0325ab9e1969",
            "c4885027-09a8-40fc-8eeb-93160f7b0df0",
            "bf6199d3-b546-4852-b225-aa0c492be37a"
          ],
          "failures": [],
          "pending": [],
          "skipped": [],
          "duration": 18396,
          "root": false,
          "rootEmpty": false,
          "_timeout": 2000
        }
      ],
      "passes": [],
      "failures": [],
      "pending": [],
      "skipped": [],
      "duration": 0,
      "root": true,
      "rootEmpty": true,
      "_timeout": 2000
    }
  ],
  "meta": {
    "mocha": {
      "version": "7.0.1"
    },
    "mochawesome": {
      "options": {
        "quiet": false,
        "reportFilename": "mochawesome",
        "saveHtml": false,
        "saveJson": true,
        "consoleReporter": "spec",
        "useInlineDiffs": false,
        "code": true
      },
      "version": "7.1.3"
    },
    "marge": {
      "options": {
        "charts": true,
        "overwrite": false,
        "html": false,
        "json": true,
        "reportDir": "cypress/reports"
      },
      "version": "6.2.0"
    }
  }
}