{
  "stats": {
    "suites": 1,
    "tests": 10,
    "passes": 10,
    "pending": 0,
    "failures": 0,
    "start": "2022-12-03T06:04:14.728Z",
    "end": "2022-12-03T06:05:36.476Z",
    "duration": 81748,
    "testsRegistered": 10,
    "passPercent": 100,
    "pendingPercent": 0,
    "other": 0,
    "hasOther": false,
    "skipped": 0,
    "hasSkipped": false
  },
  "results": [
    {
      "uuid": "3859c912-be17-4772-bb75-c3c1d4f733a1",
      "title": "",
      "fullFile": "cypress/integration/generalSettings.spec.js",
      "file": "cypress/integration/generalSettings.spec.js",
      "beforeHooks": [],
      "afterHooks": [],
      "tests": [],
      "suites": [
        {
          "uuid": "eff5d26a-747f-4abc-baa0-563ccdd0ff49",
          "title": "General Settings",
          "fullFile": "",
          "file": "",
          "beforeHooks": [],
          "afterHooks": [],
          "tests": [
            {
              "title": "Verify the headings on the page",
              "fullTitle": "General Settings Verify the headings on the page",
              "timedOut": null,
              "duration": 19945,
              "state": "passed",
              "speed": "slow",
              "pass": true,
              "fail": false,
              "pending": false,
              "context": null,
              "code": "general.verifyHeadngs();",
              "err": {},
              "uuid": "197022e5-51c2-4d8f-b7ae-2de059bb5a03",
              "parentUUID": "eff5d26a-747f-4abc-baa0-563ccdd0ff49",
              "isHook": false,
              "skipped": false
            },
            {
              "title": "Select Country",
              "fullTitle": "General Settings Select Country",
              "timedOut": null,
              "duration": 8551,
              "state": "passed",
              "speed": "medium",
              "pass": true,
              "fail": false,
              "pending": false,
              "context": null,
              "code": "general.selectCountry();",
              "err": {},
              "uuid": "6f489b9f-afea-4568-a8cc-143aad1283e9",
              "parentUUID": "eff5d26a-747f-4abc-baa0-563ccdd0ff49",
              "isHook": false,
              "skipped": false
            },
            {
              "title": "Select Language",
              "fullTitle": "General Settings Select Language",
              "timedOut": null,
              "duration": 7655,
              "state": "passed",
              "speed": "medium",
              "pass": true,
              "fail": false,
              "pending": false,
              "context": null,
              "code": "general.selectLanguage();",
              "err": {},
              "uuid": "dab7561c-72da-4665-ace7-6d6781654fa8",
              "parentUUID": "eff5d26a-747f-4abc-baa0-563ccdd0ff49",
              "isHook": false,
              "skipped": false
            },
            {
              "title": "Select Timezone",
              "fullTitle": "General Settings Select Timezone",
              "timedOut": null,
              "duration": 7805,
              "state": "passed",
              "speed": "medium",
              "pass": true,
              "fail": false,
              "pending": false,
              "context": null,
              "code": "general.selectTimezone();",
              "err": {},
              "uuid": "8d9a600e-bad7-4b5e-8e03-86fac0b6d914",
              "parentUUID": "eff5d26a-747f-4abc-baa0-563ccdd0ff49",
              "isHook": false,
              "skipped": false
            },
            {
              "title": "Select Currency",
              "fullTitle": "General Settings Select Currency",
              "timedOut": null,
              "duration": 7660,
              "state": "passed",
              "speed": "medium",
              "pass": true,
              "fail": false,
              "pending": false,
              "context": null,
              "code": "general.selectCurrency();",
              "err": {},
              "uuid": "95ed7101-5c96-4455-b6b9-7b3fcdb7e032",
              "parentUUID": "eff5d26a-747f-4abc-baa0-563ccdd0ff49",
              "isHook": false,
              "skipped": false
            },
            {
              "title": "Select Crop type",
              "fullTitle": "General Settings Select Crop type",
              "timedOut": null,
              "duration": 5613,
              "state": "passed",
              "speed": "medium",
              "pass": true,
              "fail": false,
              "pending": false,
              "context": null,
              "code": "general.selectCrop();",
              "err": {},
              "uuid": "fec2a69d-de94-4f40-a0b8-bd9892cefbc1",
              "parentUUID": "eff5d26a-747f-4abc-baa0-563ccdd0ff49",
              "isHook": false,
              "skipped": false
            },
            {
              "title": "Select Season",
              "fullTitle": "General Settings Select Season",
              "timedOut": null,
              "duration": 4616,
              "state": "passed",
              "speed": "fast",
              "pass": true,
              "fail": false,
              "pending": false,
              "context": null,
              "code": "general.selectSeason();",
              "err": {},
              "uuid": "46a11d51-3989-44fc-9061-f7b6656605c0",
              "parentUUID": "eff5d26a-747f-4abc-baa0-563ccdd0ff49",
              "isHook": false,
              "skipped": false
            },
            {
              "title": "Select Airtime",
              "fullTitle": "General Settings Select Airtime",
              "timedOut": null,
              "duration": 4428,
              "state": "passed",
              "speed": "fast",
              "pass": true,
              "fail": false,
              "pending": false,
              "context": null,
              "code": "general.selectAirtime();",
              "err": {},
              "uuid": "3e4343ac-db5e-4788-b5cc-251e07d7a5f0",
              "parentUUID": "eff5d26a-747f-4abc-baa0-563ccdd0ff49",
              "isHook": false,
              "skipped": false
            },
            {
              "title": "Select Threshold",
              "fullTitle": "General Settings Select Threshold",
              "timedOut": null,
              "duration": 8463,
              "state": "passed",
              "speed": "medium",
              "pass": true,
              "fail": false,
              "pending": false,
              "context": null,
              "code": "general.selectThreshold();",
              "err": {},
              "uuid": "c191461a-af8b-4a12-a782-b5b51022a297",
              "parentUUID": "eff5d26a-747f-4abc-baa0-563ccdd0ff49",
              "isHook": false,
              "skipped": false
            },
            {
              "title": "Select Date",
              "fullTitle": "General Settings Select Date",
              "timedOut": null,
              "duration": 6472,
              "state": "passed",
              "speed": "medium",
              "pass": true,
              "fail": false,
              "pending": false,
              "context": null,
              "code": "general.selectDate();",
              "err": {},
              "uuid": "da18d432-eadc-488b-84aa-aaf8bad61aa1",
              "parentUUID": "eff5d26a-747f-4abc-baa0-563ccdd0ff49",
              "isHook": false,
              "skipped": false
            }
          ],
          "suites": [],
          "passes": [
            "197022e5-51c2-4d8f-b7ae-2de059bb5a03",
            "6f489b9f-afea-4568-a8cc-143aad1283e9",
            "dab7561c-72da-4665-ace7-6d6781654fa8",
            "8d9a600e-bad7-4b5e-8e03-86fac0b6d914",
            "95ed7101-5c96-4455-b6b9-7b3fcdb7e032",
            "fec2a69d-de94-4f40-a0b8-bd9892cefbc1",
            "46a11d51-3989-44fc-9061-f7b6656605c0",
            "3e4343ac-db5e-4788-b5cc-251e07d7a5f0",
            "c191461a-af8b-4a12-a782-b5b51022a297",
            "da18d432-eadc-488b-84aa-aaf8bad61aa1"
          ],
          "failures": [],
          "pending": [],
          "skipped": [],
          "duration": 81208,
          "root": false,
          "rootEmpty": false,
          "_timeout": 2000
        }
      ],
      "passes": [],
      "failures": [],
      "pending": [],
      "skipped": [],
      "duration": 0,
      "root": true,
      "rootEmpty": true,
      "_timeout": 2000
    }
  ],
  "meta": {
    "mocha": {
      "version": "7.0.1"
    },
    "mochawesome": {
      "options": {
        "quiet": false,
        "reportFilename": "mochawesome",
        "saveHtml": false,
        "saveJson": true,
        "consoleReporter": "spec",
        "useInlineDiffs": false,
        "code": true
      },
      "version": "7.1.3"
    },
    "marge": {
      "options": {
        "charts": true,
        "overwrite": false,
        "html": false,
        "json": true,
        "reportDir": "cypress/reports"
      },
      "version": "6.2.0"
    }
  }
}