{
  "stats": {
    "suites": 1,
    "tests": 1,
    "passes": 1,
    "pending": 0,
    "failures": 0,
    "start": "2022-11-22T04:28:24.034Z",
    "end": "2022-11-22T04:28:42.249Z",
    "duration": 18215,
    "testsRegistered": 1,
    "passPercent": 100,
    "pendingPercent": 0,
    "other": 0,
    "hasOther": false,
    "skipped": 0,
    "hasSkipped": false
  },
  "results": [
    {
      "uuid": "7855e8da-d1f1-4fb5-aac2-195fdd734a70",
      "title": "",
      "fullFile": "cypress/integration/General Settings.js",
      "file": "cypress/integration/General Settings.js",
      "beforeHooks": [],
      "afterHooks": [],
      "tests": [],
      "suites": [
        {
          "uuid": "b10dfdcc-1c0c-4bc9-a0e0-6488ad0749fc",
          "title": "Homescreen of planning OS",
          "fullFile": "",
          "file": "",
          "beforeHooks": [],
          "afterHooks": [],
          "tests": [
            {
              "title": "General Settings Menu",
              "fullTitle": "Homescreen of planning OS General Settings Menu",
              "timedOut": null,
              "duration": 18202,
              "state": "passed",
              "speed": "slow",
              "pass": true,
              "fail": false,
              "pending": false,
              "context": null,
              "code": "cy.visit('/');\ncy.login('Excel01', 1234);\ncy.contains('General Settings').click({\n  force: true\n}); //Affirming that we are on general settings page\nvar url = 'http://planning-portal.agric-os.com/general-settings';\ncy.url().should('equal', url); //Headings that should be present in the app\nvar headings = [\"Select Country\", \"Default Language\", \"Time Zone\", \"Select Currency\", \"Crop Types\", \"Season\", \"Network Types\", \"Clearance Threshold\"]; //Checking if the first 8 headings are present\nvar i = 1;\nwhile (i < headings.length + 1) {\n  cy.get(':nth-child(' + i + ') > .css-1rgwm5s-MuiTypography-root').should('contain', headings[i - 1]).and('be.visible');\n  i++;\n} //selecting country\n\ncy.get('#companyCountry').click();\ncy.get('.MuiPaper-root > .MuiList-root > [tabindex=\"0\"]', {\n  timeout: 10000\n}).should('contain', 'Nigeria'); //selecting language\ncy.get('#companyLanguage').click({\n  force: true\n});\ncy.get('[data-value=\"FRENCH\"]', {\n  timeout: 10000\n}).should('contain', 'FRENCH');\ncy.get('[data-value=\"ENGLISH\"]').should('contain', 'ENGLISH');\ncy.get('[data-value=\"HAUSA\"]').should('contain', 'HAUSA'); //selecting timezone (GNT+2)\ncy.get('#companyTimezone').click({\n  force: true\n});\ncy.get('[data-value=\"UTC/GMT +2\"]', {\n  timeout: 10000\n}).click(); //selecting currency \ncy.get('#companyCurrency').click({\n  force: true\n});\ncy.contains('Dollars', {\n  timeout: 10000\n}).click({\n  force: true\n}); // selected dollar\n//selecting crop\ncy.get(':nth-child(5) > .rmsc > .dropdown-container > .dropdown-heading > .dropdown-heading-dropdown-arrow', {\n  timeout: 10000\n}).click({\n  force: true\n}); //  cy.contains('Rice').click({force:true}) // since currency dropdown uses a shadow DOM, we can directly select / chose the item directly\n//selecting season\ncy.get('#companySeason').click({\n  force: true\n});\ncy.contains('Wet', {\n  timeout: 10000\n}).click({\n  force: true\n}); // cy.get(':nth-child(7) > .rmsc > .dropdown-container > .dropdown-heading > .dropdown-heading-dropdown-arrow').click({force:true})\n// cy.contains('GLO',{ timeout: 10000 }).check({force:true})\n//set threshold\ncy.get('#clearanceThreshold').type('21', {\n  force: true\n}); //Number of members per statement review personnel\ncy.get('#clearanceThreshold').type('78', {\n  force: true\n}); //Number of Members per TFM Sign-up Personnel\ncy.get('#capacityPerSignupPersonnel').type('32', {\n  force: true\n}); //Number of Members per Crowd Control Personnel\ncy.get('#capacityPerCrowdControlPersonnel').type('42', {\n  force: true\n}); //date picker\ncy.get(':nth-child(9) > .react-date-picker__wrapper > .react-date-picker__inputGroup > .react-date-picker__inputGroup__month').type('12', {\n  force: true\n});\ncy.get(':nth-child(9) > .react-date-picker__wrapper > .react-date-picker__inputGroup > .react-date-picker__inputGroup__day').type('18', {\n  force: true\n});\ncy.get(':nth-child(9) > .react-date-picker__wrapper > .react-date-picker__inputGroup > .react-date-picker__inputGroup__year').type('2023', {\n  force: true\n});",
              "err": {},
              "uuid": "86086499-d0af-4ef4-b421-42a63b7a963e",
              "parentUUID": "b10dfdcc-1c0c-4bc9-a0e0-6488ad0749fc",
              "isHook": false,
              "skipped": false
            }
          ],
          "suites": [],
          "passes": [
            "86086499-d0af-4ef4-b421-42a63b7a963e"
          ],
          "failures": [],
          "pending": [],
          "skipped": [],
          "duration": 18202,
          "root": false,
          "rootEmpty": false,
          "_timeout": 2000
        }
      ],
      "passes": [],
      "failures": [],
      "pending": [],
      "skipped": [],
      "duration": 0,
      "root": true,
      "rootEmpty": true,
      "_timeout": 2000
    }
  ],
  "meta": {
    "mocha": {
      "version": "7.0.1"
    },
    "mochawesome": {
      "options": {
        "quiet": false,
        "reportFilename": "mochawesome",
        "saveHtml": false,
        "saveJson": true,
        "consoleReporter": "spec",
        "useInlineDiffs": false,
        "code": true
      },
      "version": "7.1.3"
    },
    "marge": {
      "options": {
        "charts": true,
        "overwrite": false,
        "html": false,
        "json": true,
        "reportDir": "cypress/reports"
      },
      "version": "6.2.0"
    }
  }
}