{
  "stats": {
    "suites": 1,
    "tests": 4,
    "passes": 3,
    "pending": 0,
    "failures": 1,
    "start": "2022-11-21T19:13:48.811Z",
    "end": "2022-11-21T19:14:36.233Z",
    "duration": 47422,
    "testsRegistered": 4,
    "passPercent": 75,
    "pendingPercent": 0,
    "other": 0,
    "hasOther": false,
    "skipped": 0,
    "hasSkipped": false
  },
  "results": [
    {
      "uuid": "62eae20b-8e33-464d-9677-bcf68b27d001",
      "title": "",
      "fullFile": "cypress/integration/Login Page.js",
      "file": "cypress/integration/Login Page.js",
      "beforeHooks": [],
      "afterHooks": [],
      "tests": [],
      "suites": [
        {
          "uuid": "44fab71f-9f6d-4d86-a125-98c39adbc1eb",
          "title": "Planning Login Screen",
          "fullFile": "",
          "file": "",
          "beforeHooks": [],
          "afterHooks": [],
          "tests": [
            {
              "title": "Valid username and valid password",
              "fullTitle": "Planning Login Screen Valid username and valid password",
              "timedOut": null,
              "duration": 25701,
              "state": "passed",
              "speed": "slow",
              "pass": true,
              "fail": false,
              "pending": false,
              "context": null,
              "code": "cy.get('#username').type(credentials.username);\ncy.get('#password').type(credentials.password);\ncy.get('.MuiButton-root').click();\ncy.get('.MuiToolbar-root > .MuiTypography-root').should('contain', 'Dashboard').and('be.visible'); // verifying that the first page is the dashboard",
              "err": {},
              "uuid": "7a48f882-0fa3-4fd4-a842-e75625797213",
              "parentUUID": "44fab71f-9f6d-4d86-a125-98c39adbc1eb",
              "isHook": false,
              "skipped": false
            },
            {
              "title": "Invalid username and invalid password",
              "fullTitle": "Planning Login Screen Invalid username and invalid password",
              "timedOut": null,
              "duration": 8803,
              "state": "passed",
              "speed": "medium",
              "pass": true,
              "fail": false,
              "pending": false,
              "context": null,
              "code": "cy.get('#username').type(credentials.inUsername);\ncy.get('#password').type(credentials.inPassword);\ncy.get('.MuiButton-root').click();\ncy.get('[style=\"color: red; text-align: center;\"]').should('have.text', 'User ' + credentials.inUsername + ' not found');",
              "err": {},
              "uuid": "da289b51-86c9-4408-88c5-fe6e15ead616",
              "parentUUID": "44fab71f-9f6d-4d86-a125-98c39adbc1eb",
              "isHook": false,
              "skipped": false
            },
            {
              "title": "Invalid username and valid password",
              "fullTitle": "Planning Login Screen Invalid username and valid password",
              "timedOut": null,
              "duration": 7330,
              "state": "passed",
              "speed": "medium",
              "pass": true,
              "fail": false,
              "pending": false,
              "context": null,
              "code": "cy.get('#username').type(credentials.inUsername);\ncy.get('#password').type(credentials.password);\ncy.get('.MuiButton-root').click();\ncy.get('[style=\"color: red; text-align: center;\"]').should('have.text', 'User ' + credentials.inUsername + ' not found');",
              "err": {},
              "uuid": "0ff7b68b-faa3-4f6b-be9c-39d0e047f89c",
              "parentUUID": "44fab71f-9f6d-4d86-a125-98c39adbc1eb",
              "isHook": false,
              "skipped": false
            },
            {
              "title": "Valid username and invalid password",
              "fullTitle": "Planning Login Screen Valid username and invalid password",
              "timedOut": null,
              "duration": 5329,
              "state": "failed",
              "speed": null,
              "pass": false,
              "fail": true,
              "pending": false,
              "context": null,
              "code": "cy.get('#username').type(credentials.username);\ncy.get('#password').type(credentials.inPassword);\ncy.get('.MuiButton-root').click();\ncy.get('[style=\"color: red; text-align: center;\"]').should('have.text', 'Your password not matching');",
              "err": {
                "message": "AssertionError: Timed out retrying after 4000ms: Expected to find element: `#username`, but never found it.",
                "estack": "AssertionError: Timed out retrying after 4000ms: Expected to find element: `#username`, but never found it.\n    at Context.eval (http://planning-portal.agric-os.com/__cypress/tests?p=cypress\\integration\\Login%2520Page.js:32:8)",
                "diff": null
              },
              "uuid": "b8a22da8-7b8f-42bd-8c26-0f5d74724011",
              "parentUUID": "44fab71f-9f6d-4d86-a125-98c39adbc1eb",
              "isHook": false,
              "skipped": false
            }
          ],
          "suites": [],
          "passes": [
            "7a48f882-0fa3-4fd4-a842-e75625797213",
            "da289b51-86c9-4408-88c5-fe6e15ead616",
            "0ff7b68b-faa3-4f6b-be9c-39d0e047f89c"
          ],
          "failures": [
            "b8a22da8-7b8f-42bd-8c26-0f5d74724011"
          ],
          "pending": [],
          "skipped": [],
          "duration": 47163,
          "root": false,
          "rootEmpty": false,
          "_timeout": 2000
        }
      ],
      "passes": [],
      "failures": [],
      "pending": [],
      "skipped": [],
      "duration": 0,
      "root": true,
      "rootEmpty": true,
      "_timeout": 2000
    }
  ],
  "meta": {
    "mocha": {
      "version": "7.0.1"
    },
    "mochawesome": {
      "options": {
        "quiet": false,
        "reportFilename": "mochawesome",
        "saveHtml": false,
        "saveJson": true,
        "consoleReporter": "spec",
        "useInlineDiffs": false,
        "code": true
      },
      "version": "7.1.3"
    },
    "marge": {
      "options": {
        "charts": true,
        "overwrite": false,
        "html": false,
        "json": true,
        "reportDir": "cypress/reports"
      },
      "version": "6.2.0"
    }
  }
}